<?xml version="1.0" encoding="utf-8"?><testsuites name="pytest tests"><testsuite name="pytest" errors="0" failures="1" skipped="0" tests="10" time="2.982" timestamp="2026-05-12T15:28:41.720455+00:00" hostname="agent-env-37cde507-e0e2-4873-abe0-7af9e8963d4f"><testcase classname="backend.tests.backend_test" name="test_health" time="0.391" /><testcase classname="backend.tests.backend_test" name="test_token_mint_lifecycle" time="0.717" /><testcase classname="backend.tests.backend_test" name="test_jupiter_price" time="0.276" /><testcase classname="backend.tests.backend_test" name="test_solana_balance" time="0.285" /><testcase classname="backend.tests.backend_test" name="test_token_live_stats" time="0.549" /><testcase classname="backend.tests.backend_test" name="test_swap_quote" time="0.193"><failure message="AssertionError: assert False is True&#10; +  where False = &lt;built-in method get of dict object at 0xfb11437c3640&gt;('ok')&#10; +    where &lt;built-in method get of dict object at 0xfb11437c3640&gt; = {'error': '[Errno -5] No address associated with hostname', 'ok': False}.get">backend/tests/backend_test.py:83: in test_swap_quote
    assert d.get("ok") is True
E   AssertionError: assert False is True
E    +  where False = &lt;built-in method get of dict object at 0xfb11437c3640&gt;('ok')
E    +    where &lt;built-in method get of dict object at 0xfb11437c3640&gt; = {'error': '[Errno -5] No address associated with hostname', 'ok': False}.get</failure></testcase><testcase classname="backend.tests.backend_test" name="test_generate_mission" time="0.080" /><testcase classname="backend.tests.backend_test" name="test_invalid_mint_graceful" time="0.078" /><testcase classname="backend.tests.backend_test" name="test_invalid_owner_graceful" time="0.070" /><testcase classname="backend.tests.backend_test" name="test_invalid_mint_post" time="0.174" /></testsuite></testsuites>