<?xml version="1.0" encoding="utf-8"?><testsuites name="pytest tests"><testsuite name="pytest" errors="0" failures="0" skipped="0" tests="15" time="7.955" timestamp="2026-05-29T02:01:55.521147+00:00" hostname="agent-env-37cde507-e0e2-4873-abe0-7af9e8963d4f"><testcase classname="backend.tests.test_mission_miner.TestMissionEngine" name="test_start_armed_with_zero_capital" time="0.279" /><testcase classname="backend.tests.test_mission_miner.TestMissionEngine" name="test_tick_armed_zero_yield" time="1.054" /><testcase classname="backend.tests.test_mission_miner.TestMissionEngine" name="test_deposit_activates_mission" time="0.057" /><testcase classname="backend.tests.test_mission_miner.TestMissionEngine" name="test_tick_active_produces_yield" time="2.056" /><testcase classname="backend.tests.test_mission_miner.TestMissionEngine" name="test_deposit_wrong_wallet_403" time="0.049" /><testcase classname="backend.tests.test_mission_miner.TestMissionEngine" name="test_stop_mission" time="0.056" /><testcase classname="backend.tests.test_mission_miner.TestMissionEngine" name="test_tick_after_stop_returns_not_ok" time="0.055" /><testcase classname="backend.tests.test_mission_miner.TestMissionEngine" name="test_start_invalid_wallet_400" time="0.053" /><testcase classname="backend.tests.test_mission_miner.TestMissionEngine" name="test_mission_list_summary" time="0.055" /><testcase classname="backend.tests.test_mission_miner.TestQuickActions" name="test_harvest_yields" time="2.216" /><testcase classname="backend.tests.test_mission_miner.TestQuickActions" name="test_sync_wallets" time="1.313" /><testcase classname="backend.tests.test_mission_miner.TestQuickActions" name="test_run_audit" time="0.189" /><testcase classname="backend.tests.test_mission_miner.TestMiner" name="test_heartbeat_persists" time="0.062" /><testcase classname="backend.tests.test_mission_miner.TestMiner" name="test_leaderboard_aggregates" time="0.106" /><testcase classname="backend.tests.test_mission_miner.TestEarningsDestinations" name="test_destinations_endpoint" time="0.051" /></testsuite></testsuites>